<?xml version="1.0" encoding="UTF-8"?>
<testsuite name="agh.ics.oop.Vector2dTest" tests="1" skipped="0" failures="0" errors="0" timestamp="2021-10-23T14:56:51" hostname="LAPTOP-RU9JEH1F" time="0.019">
  <properties/>
  <testcase name="testOpposite()" classname="agh.ics.oop.Vector2dTest" time="0.019"/>
  <system-out><![CDATA[]]></system-out>
  <system-err><![CDATA[]]></system-err>
</testsuite>
